<?xml version="1.0" encoding="UTF-8"?>
<!-- Generated by org.testng.reporters.JUnitReportReporter -->
<testsuite hostname="DESKTOP-JHU8B9E" failures="0" tests="3" name="TestNG.B" time="0.005" errors="0" timestamp="2023-05-26T14:22:00 IST" skipped="0">
  <testcase classname="TestNG.B" name="akash" time="0.003"/>
  <system-out/>
  <testcase classname="TestNG.B" name="subrat" time="0.001"/>
  <system-out/>
  <testcase classname="TestNG.B" name="vipul" time="0.001"/>
  <system-out/>
</testsuite> <!-- TestNG.B -->
