<?xml version="1.0" encoding="UTF-8"?>
<!-- Generated by org.testng.reporters.JUnitReportReporter -->
<testsuite hostname="DESKTOP-JHU8B9E" failures="0" tests="3" name="TestNG.G" time="0.004" errors="0" timestamp="2023-05-26T14:22:00 IST" skipped="1">
  <testcase classname="TestNG.G" name="a" time="0.002"/>
  <system-out/>
  <testcase classname="TestNG.G" name="c" time="0.002"/>
  <system-out/>
  <testcase classname="TestNG.G" name="b">
    <skipped/>
  </testcase> <!-- b -->
  <system-out/>
</testsuite> <!-- TestNG.G -->
