<?xml version="1.0" encoding="UTF-8"?>
<!-- Generated by org.testng.reporters.JUnitReportReporter -->
<testsuite hostname="DESKTOP-JHU8B9E" failures="0" tests="1" name="TestNG.ToVerifyFacebook" time="12.029" errors="0" timestamp="2023-05-29T13:37:25 IST" skipped="0">
  <testcase classname="TestNG.ToVerifyFacebook" name="toVerifyFacebook" time="12.029"/>
  <system-out/>
</testsuite> <!-- TestNG.ToVerifyFacebook -->
