<?xml version="1.0" encoding="UTF-8"?>
<!-- Generated by org.testng.reporters.JUnitReportReporter -->
<testsuite hostname="DESKTOP-JHU8B9E" failures="0" tests="3" name="TestNG.C" time="0.017" errors="0" timestamp="2023-05-26T14:22:00 IST" skipped="0">
  <testcase classname="TestNG.C" name="subrat" time="0.013"/>
  <system-out/>
  <testcase classname="TestNG.C" name="vipul" time="0.002"/>
  <system-out/>
  <testcase classname="TestNG.C" name="akash" time="0.002"/>
  <system-out/>
</testsuite> <!-- TestNG.C -->
