<?xml version="1.0" encoding="UTF-8"?>
<!-- Generated by org.testng.reporters.JUnitReportReporter -->
<testsuite hostname="DESKTOP-JHU8B9E" failures="0" tests="1" name="TestNG.ToverifyCustomer" time="0.008" errors="0" timestamp="2023-05-30T13:54:45 IST" skipped="0">
  <testcase classname="TestNG.ToverifyCustomer" name="demo2" time="0.008"/>
  <system-out/>
</testsuite> <!-- TestNG.ToverifyCustomer -->
