<?xml version="1.0" encoding="UTF-8"?>
<!-- Generated by org.testng.reporters.JUnitReportReporter -->
<testsuite hostname="DESKTOP-JHU8B9E" failures="0" tests="2" name="TestNG.H" time="0.004" errors="0" timestamp="2023-05-26T14:40:40 IST" skipped="0">
  <testcase classname="TestNG.H" name="signup" time="0.002"/>
  <system-out/>
  <testcase classname="TestNG.H" name="signin" time="0.002"/>
  <system-out/>
</testsuite> <!-- TestNG.H -->
