<?xml version="1.0" encoding="UTF-8"?>
<!-- Generated by org.testng.reporters.JUnitReportReporter -->
<testsuite hostname="DESKTOP-JHU8B9E" failures="0" tests="1" name="TestNG.I" time="0.013" errors="0" timestamp="2023-05-26T14:40:40 IST" skipped="0">
  <testcase classname="TestNG.I" name="logout" time="0.013"/>
  <system-out/>
</testsuite> <!-- TestNG.I -->
