<?xml version="1.0" encoding="UTF-8"?>
<!-- Generated by org.testng.reporters.JUnitReportReporter -->
<testsuite hostname="DESKTOP-JHU8B9E" failures="0" tests="6" name="TestNG.D" time="0.016" errors="0" timestamp="2023-05-26T14:22:00 IST" skipped="0">
  <testcase classname="TestNG.D" name="b" time="0.003"/>
  <system-out/>
  <testcase classname="TestNG.D" name="a" time="0.003"/>
  <system-out/>
  <testcase classname="TestNG.D" name="a" time="0.002"/>
  <system-out/>
  <testcase classname="TestNG.D" name="c" time="0.002"/>
  <system-out/>
  <testcase classname="TestNG.D" name="c" time="0.002"/>
  <system-out/>
  <testcase classname="TestNG.D" name="c" time="0.004"/>
  <system-out/>
</testsuite> <!-- TestNG.D -->
