<?xml version="1.0" encoding="UTF-8"?>
<!-- Generated by org.testng.reporters.JUnitReportReporter -->
<testsuite hostname="DESKTOP-JHU8B9E" failures="0" tests="1" name="TestNG.ToVerifyGoogle" time="13.587" errors="0" timestamp="2023-05-29T13:37:25 IST" skipped="0">
  <testcase classname="TestNG.ToVerifyGoogle" name="toVerifyGoogle" time="13.587"/>
  <system-out/>
</testsuite> <!-- TestNG.ToVerifyGoogle -->
