<?xml version="1.0" encoding="UTF-8"?>
<!-- Generated by org.testng.reporters.JUnitReportReporter -->
<testsuite hostname="DESKTOP-JHU8B9E" failures="0" tests="1" name="TestNG.A" time="0.001" errors="0" timestamp="2023-05-26T14:22:01 IST" skipped="0">
  <testcase classname="TestNG.A" name="demo" time="0.001"/>
  <system-out/>
</testsuite> <!-- TestNG.A -->
