<?xml version="1.0" encoding="UTF-8"?>
<!-- Generated by org.testng.reporters.JUnitReportReporter -->
<testsuite hostname="DESKTOP-JHU8B9E" failures="0" tests="1" name="TestNG.ToverifyHomePage" time="0.004" errors="0" timestamp="2023-05-30T13:54:45 IST" skipped="0">
  <testcase classname="TestNG.ToverifyHomePage" name="demo" time="0.004"/>
  <system-out/>
</testsuite> <!-- TestNG.ToverifyHomePage -->
